[debug] [2017-11-15T01:39:51.640Z] ----------------------------------------------------------------------
[debug] [2017-11-15T01:39:51.656Z] Command:       C:\Program Files\nodejs\node.exe C:\Users\Colo\AppData\Roaming\npm\node_modules\firebase-tools\bin\firebase serve
[debug] [2017-11-15T01:39:51.656Z] CLI Version:   3.15.0
[debug] [2017-11-15T01:39:51.656Z] Platform:      win32
[debug] [2017-11-15T01:39:51.656Z] Node Version:  v8.9.1
[debug] [2017-11-15T01:39:51.656Z] Time:          Tue Nov 14 2017 22:39:51 GMT-0300 (Hora estándar de Argentina)
[debug] [2017-11-15T01:39:51.656Z] ----------------------------------------------------------------------
[debug] 
[debug] [2017-11-15T01:39:51.687Z] > command requires scopes: ["email","openid","https://www.googleapis.com/auth/cloudplatformprojects.readonly","https://www.googleapis.com/auth/firebase","https://www.googleapis.com/auth/cloud-platform"]
[debug] [2017-11-15T01:39:51.687Z] > authorizing via signed-in user
[debug] [2017-11-15T01:39:51.687Z] > refreshing access token with scopes: ["email","https://www.googleapis.com/auth/cloud-platform","https://www.googleapis.com/auth/cloudplatformprojects.readonly","https://www.googleapis.com/auth/firebase","openid"]
[debug] [2017-11-15T01:39:51.687Z] >>> HTTP REQUEST POST https://www.googleapis.com/oauth2/v3/token { refresh_token: '1/fiIzaSRll74I4KObPLeXNkyXrr9dgoF3CAooNaPfrXI',
  client_id: '563584335869-fgrhgmd47bqnekij5i8b5pr03ho849e6.apps.googleusercontent.com',
  client_secret: 'j9iVZfS8kkCEFUPaAeJV0sAi',
  grant_type: 'refresh_token',
  scope: 'email https://www.googleapis.com/auth/cloud-platform https://www.googleapis.com/auth/cloudplatformprojects.readonly https://www.googleapis.com/auth/firebase openid' } 
 Tue Nov 14 2017 22:39:51 GMT-0300 (Hora estándar de Argentina)
[debug] [2017-11-15T01:39:52.171Z] <<< HTTP RESPONSE 200
[debug] [2017-11-15T01:39:52.217Z] >>> HTTP REQUEST GET https://admin.firebase.com/v1/projects/viajes-b8c6b  
 Tue Nov 14 2017 22:39:52 GMT-0300 (Hora estándar de Argentina)
[debug] [2017-11-15T01:39:53.450Z] <<< HTTP RESPONSE 200
[debug] [2017-11-15T01:39:53.450Z] >>> HTTP REQUEST GET https://admin.firebase.com/v1/database/viajes-b8c6b/tokens  
 Tue Nov 14 2017 22:39:53 GMT-0300 (Hora estándar de Argentina)
[debug] [2017-11-15T01:39:54.292Z] <<< HTTP RESPONSE 200
[info] 
[info] === Serving from 'C:\Users\Colo\Facultad\Aplicaciones Informaticas\TP-Apps-Informaticas'...
[info] 
[debug] [2017-11-15T01:39:54.292Z] >>> HTTP REQUEST GET https://cloudresourcemanager.googleapis.com/v1/projects/viajes-b8c6b  
 Tue Nov 14 2017 22:39:54 GMT-0300 (Hora estándar de Argentina)
[debug] [2017-11-15T01:39:55.478Z] <<< HTTP RESPONSE 200
[debug] [2017-11-15T01:39:55.478Z] >>> HTTP REQUEST GET https://mobilesdk-pa.googleapis.com/v1/projects/643633949992/clients/_:getWebAppConfig  
 Tue Nov 14 2017 22:39:55 GMT-0300 (Hora estándar de Argentina)
[debug] [2017-11-15T01:39:56.632Z] <<< HTTP RESPONSE 200
[info] i  hosting: Serving hosting files from: src
[info] +  hosting: Local server: http://localhost:5000

