[debug] [2017-11-11T03:59:48.580Z] ----------------------------------------------------------------------
[debug] [2017-11-11T03:59:48.586Z] Command:       /usr/bin/nodejs /usr/bin/firebase serve
[debug] [2017-11-11T03:59:48.587Z] CLI Version:   3.15.0
[debug] [2017-11-11T03:59:48.587Z] Platform:      linux
[debug] [2017-11-11T03:59:48.587Z] Node Version:  v7.10.1
[debug] [2017-11-11T03:59:48.587Z] Time:          Sat Nov 11 2017 00:59:48 GMT-0300 (ART)
[debug] [2017-11-11T03:59:48.587Z] ----------------------------------------------------------------------
[debug] 
[debug] [2017-11-11T03:59:48.612Z] > command requires scopes: ["email","openid","https://www.googleapis.com/auth/cloudplatformprojects.readonly","https://www.googleapis.com/auth/firebase","https://www.googleapis.com/auth/cloud-platform"]
[debug] [2017-11-11T03:59:48.612Z] > authorizing via signed-in user
[debug] [2017-11-11T03:59:48.617Z] >>> HTTP REQUEST GET https://admin.firebase.com/v1/projects/viajes-b8c6b  
 Sat Nov 11 2017 00:59:48 GMT-0300 (ART)
[debug] [2017-11-11T03:59:49.712Z] <<< HTTP RESPONSE 200
[debug] [2017-11-11T03:59:49.716Z] >>> HTTP REQUEST GET https://admin.firebase.com/v1/database/viajes-b8c6b/tokens  
 Sat Nov 11 2017 00:59:49 GMT-0300 (ART)
[debug] [2017-11-11T03:59:50.920Z] <<< HTTP RESPONSE 200
[info] 
[info] === Serving from '/home/martin/Desktop/martin/TP-Apps-Informaticas/BookingRecommendationSystem/pagina'...
[info] 
[debug] [2017-11-11T03:59:50.928Z] >>> HTTP REQUEST GET https://cloudresourcemanager.googleapis.com/v1/projects/viajes-b8c6b  
 Sat Nov 11 2017 00:59:50 GMT-0300 (ART)
[debug] [2017-11-11T03:59:52.054Z] <<< HTTP RESPONSE 200
[debug] [2017-11-11T03:59:52.055Z] >>> HTTP REQUEST GET https://mobilesdk-pa.googleapis.com/v1/projects/643633949992/clients/_:getWebAppConfig  
 Sat Nov 11 2017 00:59:52 GMT-0300 (ART)
[debug] [2017-11-11T03:59:53.443Z] <<< HTTP RESPONSE 200
[warn] ⚠  hosting: Port 5000 is not available. Trying another port...
[debug] [2017-11-11T03:59:53.472Z] >>> HTTP REQUEST GET https://cloudresourcemanager.googleapis.com/v1/projects/viajes-b8c6b  
 Sat Nov 11 2017 00:59:53 GMT-0300 (ART)
[debug] [2017-11-11T03:59:54.500Z] <<< HTTP RESPONSE 200
[debug] [2017-11-11T03:59:54.502Z] >>> HTTP REQUEST GET https://mobilesdk-pa.googleapis.com/v1/projects/643633949992/clients/_:getWebAppConfig  
 Sat Nov 11 2017 00:59:54 GMT-0300 (ART)
[debug] [2017-11-11T03:59:55.769Z] <<< HTTP RESPONSE 200
[info] i  hosting: Serving hosting files from: public
[info] ✔  hosting: Local server: http://localhost:5004

[debug] [2017-11-11T04:13:33.335Z] ----------------------------------------------------------------------
[debug] [2017-11-11T04:13:33.341Z] Command:       /usr/bin/nodejs /usr/bin/firebase serve
[debug] [2017-11-11T04:13:33.342Z] CLI Version:   3.15.0
[debug] [2017-11-11T04:13:33.342Z] Platform:      linux
[debug] [2017-11-11T04:13:33.342Z] Node Version:  v7.10.1
[debug] [2017-11-11T04:13:33.342Z] Time:          Sat Nov 11 2017 01:13:33 GMT-0300 (ART)
[debug] [2017-11-11T04:13:33.342Z] ----------------------------------------------------------------------
[debug] 
[debug] [2017-11-11T04:13:33.367Z] > command requires scopes: ["email","openid","https://www.googleapis.com/auth/cloudplatformprojects.readonly","https://www.googleapis.com/auth/firebase","https://www.googleapis.com/auth/cloud-platform"]
[debug] [2017-11-11T04:13:33.368Z] > authorizing via signed-in user
[debug] [2017-11-11T04:13:33.373Z] >>> HTTP REQUEST GET https://admin.firebase.com/v1/projects/viajes-b8c6b  
 Sat Nov 11 2017 01:13:33 GMT-0300 (ART)
[debug] [2017-11-11T04:13:34.514Z] <<< HTTP RESPONSE 200
[debug] [2017-11-11T04:13:34.517Z] >>> HTTP REQUEST GET https://admin.firebase.com/v1/database/viajes-b8c6b/tokens  
 Sat Nov 11 2017 01:13:34 GMT-0300 (ART)
[debug] [2017-11-11T04:13:35.464Z] <<< HTTP RESPONSE 200
[info] 
[info] === Serving from '/home/martin/Desktop/martin/TP-Apps-Informaticas/BookingRecommendationSystem/pagina'...
[info] 
[debug] [2017-11-11T04:13:35.474Z] >>> HTTP REQUEST GET https://cloudresourcemanager.googleapis.com/v1/projects/viajes-b8c6b  
 Sat Nov 11 2017 01:13:35 GMT-0300 (ART)
[debug] [2017-11-11T04:13:36.609Z] <<< HTTP RESPONSE 200
[debug] [2017-11-11T04:13:36.610Z] >>> HTTP REQUEST GET https://mobilesdk-pa.googleapis.com/v1/projects/643633949992/clients/_:getWebAppConfig  
 Sat Nov 11 2017 01:13:36 GMT-0300 (ART)
[debug] [2017-11-11T04:13:37.909Z] <<< HTTP RESPONSE 200
[info] i  hosting: Serving hosting files from: public
[info] ✔  hosting: Local server: http://localhost:5000

